2025-08-15 23:39:41 - INFO - ====================================================================================================
2025-08-15 23:39:41 - INFO - 多文件夹文件批量比较工具启动 - 2025-08-15 23:39:41
2025-08-15 23:39:41 - INFO - 父目录: F:\pycharm2023\NCcomparison\files\Number_01
2025-08-15 23:39:41 - INFO - ====================================================================================================
2025-08-15 23:39:41 - INFO - 🔎 找到 2 个包含文件对的子文件夹:
2025-08-15 23:39:41 - INFO -   - test01
2025-08-15 23:39:41 - INFO -   - test02
2025-08-15 23:39:41 - INFO - ====================================================================================================
2025-08-15 23:39:41 - INFO - 
====================================================================================================
2025-08-15 23:39:41 - INFO - 📁 正在处理文件夹: test01
2025-08-15 23:39:41 - INFO - 🔍 文件1: file1.txt
2025-08-15 23:39:41 - INFO - 🔍 文件2: file2.txt
2025-08-15 23:39:41 - INFO - 📂 路径: F:\pycharm2023\NCcomparison\files\Number_01\test01
2025-08-15 23:39:41 - INFO - ----------------------------------------------------------------------------------------------------
2025-08-15 23:39:41 - INFO - 📝 文件1行数: 590
2025-08-15 23:39:41 - INFO - 📝 文件2行数: 589
2025-08-15 23:39:41 - INFO - ❌ 比较结果: 发现 1 处差异
2025-08-15 23:39:41 - INFO - ----------------------------------------------------------------------------------------------------
2025-08-15 23:39:41 - INFO - 差异 #1: 删除 [行号: 4]
2025-08-15 23:39:41 - INFO -     | 内容: 测试11111
2025-08-15 23:39:41 - INFO - ----------------------------------------------------------------------------------------------------
2025-08-15 23:39:41 - INFO - 
====================================================================================================
2025-08-15 23:39:41 - INFO - 📁 正在处理文件夹: test02
2025-08-15 23:39:41 - INFO - 🔍 文件1: file1.txt
2025-08-15 23:39:41 - INFO - 🔍 文件2: file2.txt
2025-08-15 23:39:41 - INFO - 📂 路径: F:\pycharm2023\NCcomparison\files\Number_01\test02
2025-08-15 23:39:41 - INFO - ----------------------------------------------------------------------------------------------------
2025-08-15 23:39:41 - INFO - 📝 文件1行数: 470
2025-08-15 23:39:41 - INFO - 📝 文件2行数: 470
2025-08-15 23:39:41 - INFO - ❌ 比较结果: 发现 17 处差异
2025-08-15 23:39:41 - INFO - ----------------------------------------------------------------------------------------------------
2025-08-15 23:39:41 - INFO - 差异 #1: 变化 [行号: 82]
2025-08-15 23:39:41 - INFO -     | 内容: G0 X0.316 Y537.853 Z38.000 F25000
2025-08-15 23:39:41 - INFO - ----------------------------------------------------------------------------------------------------
2025-08-15 23:39:41 - INFO -     | 改为:     ^ - ^   ^  - ^
2025-08-15 23:39:41 - INFO - ----------------------------------------------------------------------------------------------------
2025-08-15 23:39:41 - INFO - 差异 #3: 添加 [行号: 82]
2025-08-15 23:39:41 - INFO -     | 内容: G0 X6.178 Y587.505 Z38.000 F25000
2025-08-15 23:39:41 - INFO - ----------------------------------------------------------------------------------------------------
2025-08-15 23:39:41 - INFO - 差异 #4: 变化 [行号: 83]
2025-08-15 23:39:41 - INFO -     | 内容: G1 X0.316 Y537.853 Z18.000 F6999
2025-08-15 23:39:41 - INFO - ----------------------------------------------------------------------------------------------------
2025-08-15 23:39:41 - INFO -     | 改为:     ^ - ^   ^  - ^
2025-08-15 23:39:41 - INFO - ----------------------------------------------------------------------------------------------------
2025-08-15 23:39:41 - INFO - 差异 #6: 添加 [行号: 83]
2025-08-15 23:39:41 - INFO -     | 内容: G1 X6.178 Y587.505 Z18.000 F6999
2025-08-15 23:39:41 - INFO - ----------------------------------------------------------------------------------------------------
2025-08-15 23:39:41 - INFO - 差异 #7: 添加 [行号: 84]
2025-08-15 23:39:41 - INFO -     | 内容: G2 X0.316 Y537.853 Z0.000 R1274.755 F4001
2025-08-15 23:39:41 - INFO - ----------------------------------------------------------------------------------------------------
2025-08-15 23:39:41 - INFO - 差异 #8: 变化 [行号: 85]
2025-08-15 23:39:41 - INFO -     | 内容: G3 X1.026 Y535.472 Z0.000 R3.000 F4001
2025-08-15 23:39:41 - INFO - ----------------------------------------------------------------------------------------------------
2025-08-15 23:39:41 - INFO -     | 改为:                                   ^  ^
2025-08-15 23:39:41 - INFO - ----------------------------------------------------------------------------------------------------
2025-08-15 23:39:41 - INFO - 差异 #10: 添加 [行号: 85]
2025-08-15 23:39:41 - INFO -     | 内容: G3 X1.026 Y535.472 Z0.000 R3.000 F5000
2025-08-15 23:39:41 - INFO - ----------------------------------------------------------------------------------------------------
2025-08-15 23:39:41 - INFO - 差异 #11: 变化 [行号: 93]
2025-08-15 23:39:41 - INFO -     | 内容: G2 X0.316 Y537.853 Z0.000 R1274.755 F12000
2025-08-15 23:39:41 - INFO - ----------------------------------------------------------------------------------------------------
2025-08-15 23:39:41 - INFO -     | 改为:                                      ^^
2025-08-15 23:39:41 - INFO - ----------------------------------------------------------------------------------------------------
2025-08-15 23:39:41 - INFO - 差异 #13: 添加 [行号: 93]
2025-08-15 23:39:41 - INFO -     | 内容: G2 X0.316 Y537.853 Z0.000 R1274.755 F3000
2025-08-15 23:39:41 - INFO - ----------------------------------------------------------------------------------------------------
2025-08-15 23:39:41 - INFO - 差异 #14: 删除 [行号: 94]
2025-08-15 23:39:41 - INFO -     | 内容: G3 X1.026 Y535.472 Z0.000 R3.000 F3000
2025-08-15 23:39:41 - INFO - ----------------------------------------------------------------------------------------------------
2025-08-15 23:39:41 - INFO - 差异 #15: 变化 [行号: 94]
2025-08-15 23:39:41 - INFO -     | 内容: G0 X1.026 Y535.472 Z38.000 F25000
2025-08-15 23:39:41 - INFO - ----------------------------------------------------------------------------------------------------
2025-08-15 23:39:41 - INFO -     | 改为:      ---      ^^^^
2025-08-15 23:39:41 - INFO - ----------------------------------------------------------------------------------------------------
2025-08-15 23:39:41 - INFO - 差异 #17: 添加 [行号: 94]
2025-08-15 23:39:41 - INFO -     | 内容: G0 X0.316 Y537.853 Z38.000 F25000
2025-08-15 23:39:41 - INFO - ----------------------------------------------------------------------------------------------------
2025-08-15 23:39:41 - INFO - 
====================================================================================================
2025-08-15 23:39:41 - INFO - 🏁 批量比较完成
2025-08-15 23:39:41 - INFO - ====================================================================================================
2025-08-15 23:39:41 - INFO - 📊 统计摘要:
2025-08-15 23:39:41 - INFO -   总文件夹数: 2
2025-08-15 23:39:41 - INFO -   文件完全相同的文件夹: 0
2025-08-15 23:39:41 - INFO -   文件存在差异的文件夹: 2
2025-08-15 23:39:41 - INFO - 存在差异的文件夹列表:
2025-08-15 23:39:41 - INFO -   - test01
2025-08-15 23:39:41 - INFO -   - test02
2025-08-15 23:39:41 - INFO -   出错文件夹数: 0
2025-08-15 23:39:41 - INFO -   总差异数: 18
2025-08-15 23:39:41 - INFO - ⏱️ 总耗时: 0.01 秒
2025-08-15 23:39:41 - INFO - 📄 详细日志已保存至: F:\pycharm2023\NCcomparison\files\txt_file_diff_logs\batch_file_diff_20250815_233941.log
2025-08-15 23:39:41 - INFO - ====================================================================================================
