2025-08-15 23:36:43 - INFO - ====================================================================================================
2025-08-15 23:36:43 - INFO - 文件批量比较工具启动 - 2025-08-15 23:36:43
2025-08-15 23:36:43 - INFO - 父目录: F:\pycharm2023\NCcomparison\files\Number_01
2025-08-15 23:36:43 - INFO - 比较文件扩展名: .nc, .txt
2025-08-15 23:36:43 - INFO - ====================================================================================================
2025-08-15 23:36:43 - INFO - 🔎 找到 3 个子文件夹:
2025-08-15 23:36:43 - INFO -   - NCFile: .nc:2, .txt:0
2025-08-15 23:36:43 - INFO -   - test01: .nc:0, .txt:2
2025-08-15 23:36:43 - INFO -   - test02: .nc:0, .txt:2
2025-08-15 23:36:43 - INFO - 
====================================================================================================
2025-08-15 23:36:43 - INFO - 📁 正在处理文件夹: NCFile
2025-08-15 23:36:43 - INFO - 📂 路径: F:\pycharm2023\NCcomparison\files\Number_01\NCFile
2025-08-15 23:36:43 - INFO - 
🔍 同.nc扩展名比较:
2025-08-15 23:36:43 - INFO -   文件1: 1.nc
2025-08-15 23:36:43 - INFO -   文件2: 2.nc
2025-08-15 23:36:43 - INFO - 📝 文件行数: 1.nc: 474, 2.nc: 473
2025-08-15 23:36:43 - INFO - ❌ 发现 3 处差异
2025-08-15 23:36:43 - INFO - 差异 #1: 删除 [行号: 1]
2025-08-15 23:36:43 - INFO -     | 内容: 测试
2025-08-15 23:36:43 - INFO - --------------------------------------------------
2025-08-15 23:36:43 - INFO - 差异 #2: 删除 [行号: 1]
2025-08-15 23:36:43 - INFO -     | 内容: //----------------<<< DaBan boardID=1 face=B GongWei=1
2025-08-15 23:36:43 - INFO - --------------------------------------------------
2025-08-15 23:36:43 - INFO - 差异 #3: 添加 [行号: 1]
2025-08-15 23:36:43 - INFO -     | 内容: //----------------<<< DaBan boardID=1 face=B GongWei=1   
2025-08-15 23:36:43 - INFO - --------------------------------------------------
2025-08-15 23:36:43 - INFO - 
====================================================================================================
2025-08-15 23:36:43 - INFO - 📁 正在处理文件夹: test01
2025-08-15 23:36:43 - INFO - 📂 路径: F:\pycharm2023\NCcomparison\files\Number_01\test01
2025-08-15 23:36:43 - INFO - 
🔍 同.txt扩展名比较:
2025-08-15 23:36:43 - INFO -   文件1: file1.txt
2025-08-15 23:36:43 - INFO -   文件2: file2.txt
2025-08-15 23:36:43 - INFO - 📝 文件行数: file1.txt: 590, file2.txt: 589
2025-08-15 23:36:43 - INFO - ❌ 发现 1 处差异
2025-08-15 23:36:43 - INFO - 差异 #1: 删除 [行号: 4]
2025-08-15 23:36:43 - INFO -     | 内容: 测试11111
2025-08-15 23:36:43 - INFO - --------------------------------------------------
2025-08-15 23:36:43 - INFO - 
====================================================================================================
2025-08-15 23:36:43 - INFO - 📁 正在处理文件夹: test02
2025-08-15 23:36:43 - INFO - 📂 路径: F:\pycharm2023\NCcomparison\files\Number_01\test02
2025-08-15 23:36:43 - INFO - 
🔍 同.txt扩展名比较:
2025-08-15 23:36:43 - INFO -   文件1: file1.txt
2025-08-15 23:36:43 - INFO -   文件2: file2.txt
2025-08-15 23:36:43 - INFO - 📝 文件行数: file1.txt: 470, file2.txt: 470
2025-08-15 23:36:43 - INFO - ❌ 发现 17 处差异
2025-08-15 23:36:43 - INFO - 差异 #1: 变化 [行号: 82]
2025-08-15 23:36:43 - INFO -     | 内容: G0 X0.316 Y537.853 Z38.000 F25000
2025-08-15 23:36:43 - INFO - --------------------------------------------------
2025-08-15 23:36:43 - INFO -     | 改为:     ^ - ^   ^  - ^
2025-08-15 23:36:43 - INFO - --------------------------------------------------
2025-08-15 23:36:43 - INFO - 差异 #3: 添加 [行号: 82]
2025-08-15 23:36:43 - INFO -     | 内容: G0 X6.178 Y587.505 Z38.000 F25000
2025-08-15 23:36:43 - INFO - --------------------------------------------------
2025-08-15 23:36:43 - INFO - 差异 #4: 变化 [行号: 83]
2025-08-15 23:36:43 - INFO -     | 内容: G1 X0.316 Y537.853 Z18.000 F6999
2025-08-15 23:36:43 - INFO - --------------------------------------------------
2025-08-15 23:36:43 - INFO -     | 改为:     ^ - ^   ^  - ^
2025-08-15 23:36:43 - INFO - --------------------------------------------------
2025-08-15 23:36:43 - INFO - 差异 #6: 添加 [行号: 83]
2025-08-15 23:36:43 - INFO -     | 内容: G1 X6.178 Y587.505 Z18.000 F6999
2025-08-15 23:36:43 - INFO - --------------------------------------------------
2025-08-15 23:36:43 - INFO - 差异 #7: 添加 [行号: 84]
2025-08-15 23:36:43 - INFO -     | 内容: G2 X0.316 Y537.853 Z0.000 R1274.755 F4001
2025-08-15 23:36:43 - INFO - --------------------------------------------------
2025-08-15 23:36:43 - INFO - 差异 #8: 变化 [行号: 85]
2025-08-15 23:36:43 - INFO -     | 内容: G3 X1.026 Y535.472 Z0.000 R3.000 F4001
2025-08-15 23:36:43 - INFO - --------------------------------------------------
2025-08-15 23:36:43 - INFO -     | 改为:                                   ^  ^
2025-08-15 23:36:43 - INFO - --------------------------------------------------
2025-08-15 23:36:43 - INFO - 差异 #10: 添加 [行号: 85]
2025-08-15 23:36:43 - INFO -     | 内容: G3 X1.026 Y535.472 Z0.000 R3.000 F5000
2025-08-15 23:36:43 - INFO - --------------------------------------------------
2025-08-15 23:36:43 - INFO - 差异 #11: 变化 [行号: 93]
2025-08-15 23:36:43 - INFO -     | 内容: G2 X0.316 Y537.853 Z0.000 R1274.755 F12000
2025-08-15 23:36:43 - INFO - --------------------------------------------------
2025-08-15 23:36:43 - INFO -     | 改为:                                      ^^
2025-08-15 23:36:43 - INFO - --------------------------------------------------
2025-08-15 23:36:43 - INFO - 差异 #13: 添加 [行号: 93]
2025-08-15 23:36:43 - INFO -     | 内容: G2 X0.316 Y537.853 Z0.000 R1274.755 F3000
2025-08-15 23:36:43 - INFO - --------------------------------------------------
2025-08-15 23:36:43 - INFO - 差异 #14: 删除 [行号: 94]
2025-08-15 23:36:43 - INFO -     | 内容: G3 X1.026 Y535.472 Z0.000 R3.000 F3000
2025-08-15 23:36:43 - INFO - --------------------------------------------------
2025-08-15 23:36:43 - INFO - 差异 #15: 变化 [行号: 94]
2025-08-15 23:36:43 - INFO -     | 内容: G0 X1.026 Y535.472 Z38.000 F25000
2025-08-15 23:36:43 - INFO - --------------------------------------------------
2025-08-15 23:36:43 - INFO -     | 改为:      ---      ^^^^
2025-08-15 23:36:43 - INFO - --------------------------------------------------
2025-08-15 23:36:43 - INFO - 差异 #17: 添加 [行号: 94]
2025-08-15 23:36:43 - INFO -     | 内容: G0 X0.316 Y537.853 Z38.000 F25000
2025-08-15 23:36:43 - INFO - --------------------------------------------------
2025-08-15 23:36:43 - INFO - 
====================================================================================================
2025-08-15 23:36:43 - INFO - 🏁 批量比较完成
2025-08-15 23:36:43 - INFO - ====================================================================================================
2025-08-15 23:36:43 - INFO - 📊 统计摘要:
2025-08-15 23:36:43 - INFO -   总文件夹数: 3
2025-08-15 23:36:43 - INFO -   比较文件对数: 3
2025-08-15 23:36:43 - INFO -     ├─ 文件相同: 0
2025-08-15 23:36:43 - INFO -     └─ 文件不同: 3
2025-08-15 23:36:43 - INFO -   比较错误: 0
2025-08-15 23:36:43 - INFO -   总差异数: 21
2025-08-15 23:36:43 - INFO - 
📌 不同的文件对列表:
2025-08-15 23:36:43 - INFO -   - 文件夹: NCFile
2025-08-15 23:36:43 - INFO -     ├─ 比较类型: 同.nc扩展名比较
2025-08-15 23:36:43 - INFO -     ├─ 文件1: 1.nc
2025-08-15 23:36:43 - INFO -     └─ 文件2: 2.nc
2025-08-15 23:36:43 - INFO -     差异数: 3
2025-08-15 23:36:43 - INFO - --------------------------------------------------
2025-08-15 23:36:43 - INFO -   - 文件夹: test01
2025-08-15 23:36:43 - INFO -     ├─ 比较类型: 同.txt扩展名比较
2025-08-15 23:36:43 - INFO -     ├─ 文件1: file1.txt
2025-08-15 23:36:43 - INFO -     └─ 文件2: file2.txt
2025-08-15 23:36:43 - INFO -     差异数: 1
2025-08-15 23:36:43 - INFO - --------------------------------------------------
2025-08-15 23:36:43 - INFO -   - 文件夹: test02
2025-08-15 23:36:43 - INFO -     ├─ 比较类型: 同.txt扩展名比较
2025-08-15 23:36:43 - INFO -     ├─ 文件1: file1.txt
2025-08-15 23:36:43 - INFO -     └─ 文件2: file2.txt
2025-08-15 23:36:43 - INFO -     差异数: 17
2025-08-15 23:36:43 - INFO - --------------------------------------------------
2025-08-15 23:36:43 - INFO - 
⏱️ 耗时: 0.02秒
2025-08-15 23:36:43 - INFO - 📄 日志文件: F:\pycharm2023\NCcomparison\files\file_diff_logs\batch_diff_20250815_233643.log
2025-08-15 23:36:43 - INFO - ====================================================================================================
